#! /opt/homebrew/Cellar/icarus-verilog/12.0/bin/vvp
:ivl_version "12.0 (stable)";
:ivl_delay_selection "TYPICAL";
:vpi_time_precision - 12;
:vpi_module "/opt/homebrew/Cellar/icarus-verilog/12.0/lib/ivl/system.vpi";
:vpi_module "/opt/homebrew/Cellar/icarus-verilog/12.0/lib/ivl/vhdl_sys.vpi";
:vpi_module "/opt/homebrew/Cellar/icarus-verilog/12.0/lib/ivl/vhdl_textio.vpi";
:vpi_module "/opt/homebrew/Cellar/icarus-verilog/12.0/lib/ivl/v2005_math.vpi";
:vpi_module "/opt/homebrew/Cellar/icarus-verilog/12.0/lib/ivl/va_math.vpi";
S_0x11f704170 .scope module, "tb" "tb" 2 3;
 .timescale -9 -12;
v0x11f724950_0 .net "RsRx", 0 0, v0x11f714fc0_0;  1 drivers
v0x11f724a60_0 .net "RsTx", 0 0, L_0x11f728350;  1 drivers
v0x11f724b70_0 .var "btnR", 0 0;
v0x11f724c00_0 .var "btnS", 0 0;
v0x11f724c90_0 .var "clk", 0 0;
v0x11f724d20_0 .var/i "i", 31 0;
v0x11f724db0 .array "instructions", 19 0, 7 0;
v0x11f724e40_0 .net "led", 7 0, L_0x11f7253f0;  1 drivers
v0x11f724ed0_0 .var "sw", 7 0;
E_0x11f7042f0 .event anyedge, v0x11f7242c0_0;
S_0x11f704350 .scope module, "model_uart0_" "model_uart" 2 51, 3 3 0, S_0x11f704170;
 .timescale -9 -12;
    .port_info 0 /OUTPUT 1 "TX";
    .port_info 1 /INPUT 1 "RX";
P_0x11f704520 .param/l "baud" 0 3 13, +C4<00000000000011110100001001000000>;
P_0x11f704560 .param/l "bittime" 0 3 14, +C4<00000000000000000000001111101000>;
P_0x11f7045a0 .param/str "name" 0 3 15, "UART0";
v0x11f714f10_0 .net "RX", 0 0, L_0x11f728350;  alias, 1 drivers
v0x11f714fc0_0 .var "TX", 0 0;
v0x11f715060 .array "byte_buffer", 3 0, 7 0;
v0x11f715110_0 .var/i "byte_count", 31 0;
v0x11f7151c0_0 .var "rxData", 7 0;
E_0x11f704790 .event negedge, v0x11f714f10_0;
E_0x11f7047f0 .event "evTxByte";
E_0x11f704830 .event "evTxBit";
E_0x11f704620 .event "evByte";
E_0x11f704660 .event "evBit";
S_0x11f7048a0 .scope task, "tskRxData" "tskRxData" 3 53, 3 53 0, S_0x11f704350;
 .timescale -9 -12;
v0x11f704a60_0 .var "data", 7 0;
TD_tb.model_uart0_.tskRxData ;
    %wait E_0x11f704620;
    %load/vec4 v0x11f7151c0_0;
    %store/vec4 v0x11f704a60_0, 0, 8;
    %end;
S_0x11f714b20 .scope task, "tskTxData" "tskTxData" 3 61, 3 61 0, S_0x11f704350;
 .timescale -9 -12;
v0x11f714cf0_0 .var "data", 7 0;
v0x11f714da0_0 .var/i "i", 31 0;
v0x11f714e50_0 .var "tmp", 9 0;
TD_tb.model_uart0_.tskTxData ;
    %pushi/vec4 1, 0, 1;
    %load/vec4 v0x11f714cf0_0;
    %concat/vec4; draw_concat_vec4
    %concati/vec4 0, 0, 1;
    %store/vec4 v0x11f714e50_0, 0, 10;
    %pushi/vec4 0, 0, 32;
    %store/vec4 v0x11f714da0_0, 0, 32;
T_1.0 ;
    %load/vec4 v0x11f714da0_0;
    %cmpi/s 10, 0, 32;
    %jmp/0xz T_1.1, 5;
    %load/vec4 v0x11f714e50_0;
    %load/vec4 v0x11f714da0_0;
    %part/s 1;
    %store/vec4 v0x11f714fc0_0, 0, 1;
    %delay 1000000, 0;
    %event E_0x11f704830;
    %load/vec4 v0x11f714da0_0;
    %addi 1, 0, 32;
    %store/vec4 v0x11f714da0_0, 0, 32;
    %jmp T_1.0;
T_1.1 ;
    %event E_0x11f7047f0;
    %end;
S_0x11f7152e0 .scope task, "tskRunADD" "tskRunADD" 2 101, 2 101 0, S_0x11f704170;
 .timescale -9 -12;
v0x11f7154a0_0 .var "inst", 7 0;
v0x11f715530_0 .var "ra", 1 0;
v0x11f7155e0_0 .var "rb", 1 0;
v0x11f7156a0_0 .var "rc", 1 0;
TD_tb.tskRunADD ;
    %pushi/vec4 1, 0, 2;
    %load/vec4 v0x11f715530_0;
    %concat/vec4; draw_concat_vec4
    %load/vec4 v0x11f7155e0_0;
    %concat/vec4; draw_concat_vec4
    %load/vec4 v0x11f7156a0_0;
    %concat/vec4; draw_concat_vec4
    %store/vec4 v0x11f7154a0_0, 0, 8;
    %load/vec4 v0x11f7154a0_0;
    %store/vec4 v0x11f715930_0, 0, 8;
    %fork TD_tb.tskRunInst, S_0x11f715750;
    %join;
    %end;
S_0x11f715750 .scope task, "tskRunInst" "tskRunInst" 2 72, 2 72 0, S_0x11f704170;
 .timescale -9 -12;
v0x11f715930_0 .var "inst", 7 0;
TD_tb.tskRunInst ;
    %vpi_call 2 75 "$display", "%d ... Running instruction %08b", $stime, v0x11f715930_0 {0 0 0};
    %load/vec4 v0x11f715930_0;
    %store/vec4 v0x11f724ed0_0, 0, 8;
    %delay 1500000000, 0;
    %pushi/vec4 1, 0, 1;
    %store/vec4 v0x11f724c00_0, 0, 1;
    %delay 3000000000, 0;
    %pushi/vec4 0, 0, 1;
    %store/vec4 v0x11f724c00_0, 0, 1;
    %end;
S_0x11f7159e0 .scope task, "tskRunMULT" "tskRunMULT" 2 112, 2 112 0, S_0x11f704170;
 .timescale -9 -12;
v0x11f715ba0_0 .var "inst", 7 0;
v0x11f715c60_0 .var "ra", 1 0;
v0x11f715d10_0 .var "rb", 1 0;
v0x11f715dd0_0 .var "rc", 1 0;
TD_tb.tskRunMULT ;
    %pushi/vec4 2, 0, 2;
    %load/vec4 v0x11f715c60_0;
    %concat/vec4; draw_concat_vec4
    %load/vec4 v0x11f715d10_0;
    %concat/vec4; draw_concat_vec4
    %load/vec4 v0x11f715dd0_0;
    %concat/vec4; draw_concat_vec4
    %store/vec4 v0x11f715ba0_0, 0, 8;
    %load/vec4 v0x11f715ba0_0;
    %store/vec4 v0x11f715930_0, 0, 8;
    %fork TD_tb.tskRunInst, S_0x11f715750;
    %join;
    %end;
S_0x11f715e80 .scope task, "tskRunPUSH" "tskRunPUSH" 2 82, 2 82 0, S_0x11f704170;
 .timescale -9 -12;
v0x11f716080_0 .var "immd", 3 0;
v0x11f716140_0 .var "inst", 7 0;
v0x11f7161e0_0 .var "ra", 1 0;
TD_tb.tskRunPUSH ;
    %pushi/vec4 0, 0, 2;
    %load/vec4 v0x11f7161e0_0;
    %concat/vec4; draw_concat_vec4
    %load/vec4 v0x11f716080_0;
    %concat/vec4; draw_concat_vec4
    %store/vec4 v0x11f716140_0, 0, 8;
    %load/vec4 v0x11f716140_0;
    %store/vec4 v0x11f715930_0, 0, 8;
    %fork TD_tb.tskRunInst, S_0x11f715750;
    %join;
    %end;
S_0x11f716290 .scope task, "tskRunSEND" "tskRunSEND" 2 92, 2 92 0, S_0x11f704170;
 .timescale -9 -12;
v0x11f716450_0 .var "inst", 7 0;
v0x11f716510_0 .var "ra", 1 0;
TD_tb.tskRunSEND ;
    %pushi/vec4 3, 0, 2;
    %load/vec4 v0x11f716510_0;
    %concat/vec4; draw_concat_vec4
    %concati/vec4 0, 0, 4;
    %store/vec4 v0x11f716450_0, 0, 8;
    %load/vec4 v0x11f716450_0;
    %store/vec4 v0x11f715930_0, 0, 8;
    %fork TD_tb.tskRunInst, S_0x11f715750;
    %join;
    %end;
S_0x11f7165c0 .scope module, "uut_" "basys3" 2 61, 4 1 0, S_0x11f704170;
 .timescale 0 0;
    .port_info 0 /OUTPUT 1 "RsTx";
    .port_info 1 /OUTPUT 8 "led";
    .port_info 2 /INPUT 1 "RsRx";
    .port_info 3 /INPUT 8 "sw";
    .port_info 4 /INPUT 1 "btnS";
    .port_info 5 /INPUT 1 "btnR";
    .port_info 6 /INPUT 1 "clk";
P_0x11f716780 .param/l "alu_width" 0 5 14, +C4<00000000000000000000000000010000>;
P_0x11f7167c0 .param/l "seq_dp_width" 0 5 12, +C4<00000000000000000000000000010000>;
P_0x11f716800 .param/l "seq_im_width" 0 5 5, +C4<00000000000000000000000000000100>;
P_0x11f716840 .param/l "seq_in_width" 0 5 1, +C4<00000000000000000000000000001000>;
P_0x11f716880 .param/l "seq_num_regs" 0 5 4, +C4<00000000000000000000000000000100>;
P_0x11f7168c0 .param/l "seq_op_add" 0 5 8, C4<01>;
P_0x11f716900 .param/l "seq_op_mult" 0 5 9, C4<10>;
P_0x11f716940 .param/l "seq_op_push" 0 5 7, C4<00>;
P_0x11f716980 .param/l "seq_op_send" 0 5 10, C4<11>;
P_0x11f7169c0 .param/l "seq_op_width" 0 5 2, +C4<00000000000000000000000000000010>;
P_0x11f716a00 .param/l "seq_rf_width" 0 5 13, +C4<00000000000000000000000000010000>;
P_0x11f716a40 .param/l "seq_rn_width" 0 5 3, +C4<00000000000000000000000000000010>;
P_0x11f716a80 .param/l "uart_num_nib" 0 5 15, +C4<00000000000000000000000000000100>;
L_0x11f724fe0 .functor BUFZ 1, v0x11f724b70_0, C4<0>, C4<0>, C4<0>;
L_0x11f7253f0 .functor BUFZ 8, v0x11f723fd0_0, C4<00000000>, C4<00000000>, C4<00000000>;
v0x11f7235b0_0 .net "RsRx", 0 0, v0x11f714fc0_0;  alias, 1 drivers
v0x11f723650_0 .net "RsTx", 0 0, L_0x11f728350;  alias, 1 drivers
v0x11f7236f0_0 .net *"_ivl_4", 17 0, L_0x11f725130;  1 drivers
L_0x110050010 .functor BUFT 1, C4<0>, C4<0>, C4<0>, C4<0>;
v0x11f723780_0 .net *"_ivl_7", 0 0, L_0x110050010;  1 drivers
L_0x110050058 .functor BUFT 1, C4<000000000000000001>, C4<0>, C4<0>, C4<0>;
v0x11f723810_0 .net/2u *"_ivl_8", 17 0, L_0x110050058;  1 drivers
v0x11f7238f0_0 .var "arst_ff", 1 0;
v0x11f7239a0_0 .net "arst_i", 0 0, L_0x11f724fe0;  1 drivers
v0x11f723a40_0 .net "btnR", 0 0, v0x11f724b70_0;  1 drivers
v0x11f723ae0_0 .net "btnS", 0 0, v0x11f724c00_0;  1 drivers
v0x11f723bf0_0 .net "clk", 0 0, v0x11f724c90_0;  1 drivers
v0x11f723d80_0 .var "clk_dv", 16 0;
v0x11f723e10_0 .net "clk_dv_inc", 17 0, L_0x11f725290;  1 drivers
v0x11f723ea0_0 .var "clk_en", 0 0;
v0x11f723f30_0 .var "clk_en_d", 0 0;
v0x11f723fd0_0 .var "inst_cnt", 7 0;
v0x11f724080_0 .var "inst_vld", 0 0;
v0x11f724130_0 .var "inst_wd", 7 0;
v0x11f7242c0_0 .net "led", 7 0, L_0x11f7253f0;  alias, 1 drivers
v0x11f724350_0 .net "rst", 0 0, L_0x11f725090;  1 drivers
v0x11f7244e0_0 .net "seq_tx_data", 15 0, L_0x11f726b10;  1 drivers
v0x11f724570_0 .net "seq_tx_valid", 0 0, L_0x11f726d60;  1 drivers
v0x11f724600_0 .var "step_d", 2 0;
v0x11f724690_0 .net "sw", 7 0, v0x11f724ed0_0;  1 drivers
v0x11f724720_0 .net "uart_rx_data", 7 0, L_0x11f7282e0;  1 drivers
v0x11f7247b0_0 .net "uart_rx_valid", 0 0, L_0x11f727cb0;  1 drivers
v0x11f724840_0 .net "uart_tx_busy", 0 0, L_0x11f726fb0;  1 drivers
E_0x11f7170f0 .event posedge, v0x11f7239a0_0, v0x11f719250_0;
L_0x11f725090 .part v0x11f7238f0_0, 0, 1;
L_0x11f725130 .concat [ 17 1 0 0], v0x11f723d80_0, L_0x110050010;
L_0x11f725290 .arith/sum 18, L_0x11f725130, L_0x110050058;
S_0x11f717130 .scope module, "seq_" "seq" 4 114, 6 1 0, S_0x11f7165c0;
 .timescale 0 0;
    .port_info 0 /OUTPUT 16 "o_tx_data";
    .port_info 1 /OUTPUT 1 "o_tx_valid";
    .port_info 2 /INPUT 1 "i_tx_busy";
    .port_info 3 /INPUT 8 "i_inst";
    .port_info 4 /INPUT 1 "i_inst_valid";
    .port_info 5 /INPUT 1 "clk";
    .port_info 6 /INPUT 1 "rst";
P_0x11f717300 .param/l "alu_width" 0 5 14, +C4<00000000000000000000000000010000>;
P_0x11f717340 .param/l "seq_dp_width" 0 5 12, +C4<00000000000000000000000000010000>;
P_0x11f717380 .param/l "seq_im_width" 0 5 5, +C4<00000000000000000000000000000100>;
P_0x11f7173c0 .param/l "seq_in_width" 0 5 1, +C4<00000000000000000000000000001000>;
P_0x11f717400 .param/l "seq_num_regs" 0 5 4, +C4<00000000000000000000000000000100>;
P_0x11f717440 .param/l "seq_op_add" 0 5 8, C4<01>;
P_0x11f717480 .param/l "seq_op_mult" 0 5 9, C4<10>;
P_0x11f7174c0 .param/l "seq_op_push" 0 5 7, C4<00>;
P_0x11f717500 .param/l "seq_op_send" 0 5 10, C4<11>;
P_0x11f717540 .param/l "seq_op_width" 0 5 2, +C4<00000000000000000000000000000010>;
P_0x11f717580 .param/l "seq_rf_width" 0 5 13, +C4<00000000000000000000000000010000>;
P_0x11f7175c0 .param/l "seq_rn_width" 0 5 3, +C4<00000000000000000000000000000010>;
P_0x11f717600 .param/l "uart_num_nib" 0 5 15, +C4<00000000000000000000000000000100>;
L_0x11f725ef0 .functor BUFZ 1, v0x11f71af30_0, C4<0>, C4<0>, C4<0>;
L_0x11f726500 .functor OR 1, L_0x11f725940, L_0x11f725a20, C4<0>, C4<0>;
L_0x11f7265b0 .functor OR 1, L_0x11f726500, L_0x11f725bc0, C4<0>, C4<0>;
L_0x11f7266a0 .functor AND 1, v0x11f724080_0, L_0x11f7265b0, C4<1>, C4<1>;
L_0x11f726b10 .functor BUFZ 16, L_0x11f7261e0, C4<0000000000000000>, C4<0000000000000000>, C4<0000000000000000>;
L_0x11f726c80 .functor AND 1, v0x11f724080_0, L_0x11f725ca0, C4<1>, C4<1>;
L_0x11f726cf0 .functor NOT 1, L_0x11f726fb0, C4<0>, C4<0>, C4<0>;
L_0x11f726d60 .functor AND 1, L_0x11f726c80, L_0x11f726cf0, C4<1>, C4<1>;
L_0x1100500a0 .functor BUFT 1, C4<00>, C4<0>, C4<0>, C4<0>;
v0x11f71c970_0 .net/2u *"_ivl_10", 1 0, L_0x1100500a0;  1 drivers
L_0x1100500e8 .functor BUFT 1, C4<01>, C4<0>, C4<0>, C4<0>;
v0x11f71ca00_0 .net/2u *"_ivl_14", 1 0, L_0x1100500e8;  1 drivers
L_0x110050130 .functor BUFT 1, C4<10>, C4<0>, C4<0>, C4<0>;
v0x11f71ca90_0 .net/2u *"_ivl_18", 1 0, L_0x110050130;  1 drivers
L_0x110050178 .functor BUFT 1, C4<11>, C4<0>, C4<0>, C4<0>;
v0x11f71cb20_0 .net/2u *"_ivl_22", 1 0, L_0x110050178;  1 drivers
v0x11f71cbb0_0 .net *"_ivl_30", 0 0, L_0x11f726500;  1 drivers
v0x11f71cc80_0 .net *"_ivl_32", 0 0, L_0x11f7265b0;  1 drivers
v0x11f71cd20_0 .net *"_ivl_38", 0 0, L_0x11f726c80;  1 drivers
v0x11f71cdd0_0 .net *"_ivl_40", 0 0, L_0x11f726cf0;  1 drivers
v0x11f71ce80_0 .net "alu_data", 15 0, v0x11f71aea0_0;  1 drivers
v0x11f71cf90_0 .net "alu_valid", 0 0, v0x11f71af30_0;  1 drivers
v0x11f71d020_0 .net "alu_valid_in", 0 0, L_0x11f7266a0;  1 drivers
v0x11f71d0b0_0 .net "clk", 0 0, v0x11f724c90_0;  alias, 1 drivers
v0x11f71d1c0_0 .net "i_inst", 7 0, v0x11f724130_0;  1 drivers
v0x11f71d250_0 .net "i_inst_valid", 0 0, v0x11f724080_0;  1 drivers
v0x11f71d2f0_0 .net "i_tx_busy", 0 0, L_0x11f726fb0;  alias, 1 drivers
v0x11f71d390_0 .net "inst_const", 3 0, L_0x11f7254a0;  1 drivers
v0x11f71d450_0 .net "inst_op", 1 0, L_0x11f7255c0;  1 drivers
v0x11f71d5e0_0 .net "inst_op_add", 0 0, L_0x11f725a20;  1 drivers
v0x11f71d670_0 .net "inst_op_mult", 0 0, L_0x11f725bc0;  1 drivers
v0x11f71d700_0 .net "inst_op_push", 0 0, L_0x11f725940;  1 drivers
v0x11f71d790_0 .net "inst_op_send", 0 0, L_0x11f725ca0;  1 drivers
v0x11f71d820_0 .net "inst_ra", 1 0, L_0x11f725860;  1 drivers
v0x11f71d8b0_0 .net "inst_rb", 1 0, L_0x11f7257c0;  1 drivers
v0x11f71d940_0 .net "inst_rc", 1 0, L_0x11f7256a0;  1 drivers
v0x11f71d9d0_0 .net "o_tx_data", 15 0, L_0x11f726b10;  alias, 1 drivers
v0x11f71da70_0 .net "o_tx_valid", 0 0, L_0x11f726d60;  alias, 1 drivers
v0x11f71db10_0 .net "rf_data_a", 15 0, L_0x11f7261e0;  1 drivers
v0x11f71dc30_0 .net "rf_data_b", 15 0, L_0x11f726450;  1 drivers
v0x11f71dd50_0 .net "rf_wsel", 1 0, L_0x11f725dd0;  1 drivers
v0x11f71dde0_0 .net "rf_wstb", 0 0, L_0x11f725ef0;  1 drivers
v0x11f71de70_0 .net "rst", 0 0, L_0x11f725090;  alias, 1 drivers
L_0x11f7254a0 .part v0x11f724130_0, 0, 4;
L_0x11f7255c0 .part v0x11f724130_0, 6, 2;
L_0x11f7256a0 .part v0x11f724130_0, 0, 2;
L_0x11f7257c0 .part v0x11f724130_0, 2, 2;
L_0x11f725860 .part v0x11f724130_0, 4, 2;
L_0x11f725940 .cmp/eq 2, L_0x11f7255c0, L_0x1100500a0;
L_0x11f725a20 .cmp/eq 2, L_0x11f7255c0, L_0x1100500e8;
L_0x11f725bc0 .cmp/eq 2, L_0x11f7255c0, L_0x110050130;
L_0x11f725ca0 .cmp/eq 2, L_0x11f7255c0, L_0x110050178;
L_0x11f725dd0 .functor MUXZ 2, L_0x11f7256a0, L_0x11f725860, L_0x11f725940, C4<>;
S_0x11f717bf0 .scope module, "alu_" "seq_alu" 6 88, 7 1 0, S_0x11f717130;
 .timescale 0 0;
    .port_info 0 /OUTPUT 16 "o_data";
    .port_info 1 /OUTPUT 1 "o_valid";
    .port_info 2 /INPUT 16 "i_data_a";
    .port_info 3 /INPUT 16 "i_data_b";
    .port_info 4 /INPUT 2 "i_op";
    .port_info 5 /INPUT 4 "i_const";
    .port_info 6 /INPUT 1 "i_valid";
    .port_info 7 /INPUT 1 "clk";
    .port_info 8 /INPUT 1 "rst";
P_0x11f717db0 .param/l "alu_width" 0 5 14, +C4<00000000000000000000000000010000>;
P_0x11f717df0 .param/l "seq_dp_width" 0 5 12, +C4<00000000000000000000000000010000>;
P_0x11f717e30 .param/l "seq_im_width" 0 5 5, +C4<00000000000000000000000000000100>;
P_0x11f717e70 .param/l "seq_in_width" 0 5 1, +C4<00000000000000000000000000001000>;
P_0x11f717eb0 .param/l "seq_num_regs" 0 5 4, +C4<00000000000000000000000000000100>;
P_0x11f717ef0 .param/l "seq_op_add" 0 5 8, C4<01>;
P_0x11f717f30 .param/l "seq_op_mult" 0 5 9, C4<10>;
P_0x11f717f70 .param/l "seq_op_push" 0 5 7, C4<00>;
P_0x11f717fb0 .param/l "seq_op_send" 0 5 10, C4<11>;
P_0x11f717ff0 .param/l "seq_op_width" 0 5 2, +C4<00000000000000000000000000000010>;
P_0x11f718030 .param/l "seq_rf_width" 0 5 13, +C4<00000000000000000000000000010000>;
P_0x11f718070 .param/l "seq_rn_width" 0 5 3, +C4<00000000000000000000000000000010>;
P_0x11f7180b0 .param/l "uart_num_nib" 0 5 15, +C4<00000000000000000000000000000100>;
v0x11f71a700_0 .net "add_data", 15 0, L_0x11f726880;  1 drivers
v0x11f71a7d0_0 .net "add_valid", 0 0, L_0x11f7267d0;  1 drivers
v0x11f71a860_0 .net "clk", 0 0, v0x11f724c90_0;  alias, 1 drivers
v0x11f71a930_0 .net "i_const", 3 0, L_0x11f7254a0;  alias, 1 drivers
v0x11f71a9c0_0 .net "i_data_a", 15 0, L_0x11f7261e0;  alias, 1 drivers
v0x11f71aad0_0 .net "i_data_b", 15 0, L_0x11f726450;  alias, 1 drivers
v0x11f71aba0_0 .net "i_op", 1 0, L_0x11f7255c0;  alias, 1 drivers
v0x11f71ac30_0 .net "i_valid", 0 0, L_0x11f7266a0;  alias, 1 drivers
v0x11f71ad00_0 .net "mult_data", 15 0, L_0x11f726a30;  1 drivers
v0x11f71ae10_0 .net "mult_valid", 0 0, L_0x11f7269c0;  1 drivers
v0x11f71aea0_0 .var "o_data", 15 0;
v0x11f71af30_0 .var "o_valid", 0 0;
v0x11f71afc0_0 .net "rst", 0 0, L_0x11f725090;  alias, 1 drivers
E_0x11f7186d0 .event anyedge, v0x11f71aba0_0, v0x11f719410_0, v0x11f719570_0, v0x11f71a550_0;
E_0x11f718730/0 .event anyedge, v0x11f71aba0_0, v0x11f7192e0_0, v0x11f71a930_0, v0x11f7194a0_0;
E_0x11f718730/1 .event anyedge, v0x11f71a480_0;
E_0x11f718730 .event/or E_0x11f718730/0, E_0x11f718730/1;
S_0x11f7187a0 .scope module, "add_" "seq_add" 7 46, 8 1 0, S_0x11f717bf0;
 .timescale 0 0;
    .port_info 0 /OUTPUT 16 "o_data";
    .port_info 1 /OUTPUT 1 "o_valid";
    .port_info 2 /INPUT 16 "i_data_a";
    .port_info 3 /INPUT 16 "i_data_b";
    .port_info 4 /INPUT 1 "i_valid";
    .port_info 5 /INPUT 1 "clk";
    .port_info 6 /INPUT 1 "rst";
P_0x11f718960 .param/l "alu_width" 0 5 14, +C4<00000000000000000000000000010000>;
P_0x11f7189a0 .param/l "seq_dp_width" 0 5 12, +C4<00000000000000000000000000010000>;
P_0x11f7189e0 .param/l "seq_im_width" 0 5 5, +C4<00000000000000000000000000000100>;
P_0x11f718a20 .param/l "seq_in_width" 0 5 1, +C4<00000000000000000000000000001000>;
P_0x11f718a60 .param/l "seq_num_regs" 0 5 4, +C4<00000000000000000000000000000100>;
P_0x11f718aa0 .param/l "seq_op_add" 0 5 8, C4<01>;
P_0x11f718ae0 .param/l "seq_op_mult" 0 5 9, C4<10>;
P_0x11f718b20 .param/l "seq_op_push" 0 5 7, C4<00>;
P_0x11f718b60 .param/l "seq_op_send" 0 5 10, C4<11>;
P_0x11f718ba0 .param/l "seq_op_width" 0 5 2, +C4<00000000000000000000000000000010>;
P_0x11f718be0 .param/l "seq_rf_width" 0 5 13, +C4<00000000000000000000000000010000>;
P_0x11f718c20 .param/l "seq_rn_width" 0 5 3, +C4<00000000000000000000000000000010>;
P_0x11f718c60 .param/l "uart_num_nib" 0 5 15, +C4<00000000000000000000000000000100>;
L_0x11f7267d0 .functor BUFZ 1, L_0x11f7266a0, C4<0>, C4<0>, C4<0>;
v0x11f719250_0 .net "clk", 0 0, v0x11f724c90_0;  alias, 1 drivers
v0x11f7192e0_0 .net "i_data_a", 15 0, L_0x11f7261e0;  alias, 1 drivers
v0x11f719380_0 .net "i_data_b", 15 0, L_0x11f726450;  alias, 1 drivers
v0x11f719410_0 .net "i_valid", 0 0, L_0x11f7266a0;  alias, 1 drivers
v0x11f7194a0_0 .net "o_data", 15 0, L_0x11f726880;  alias, 1 drivers
v0x11f719570_0 .net "o_valid", 0 0, L_0x11f7267d0;  alias, 1 drivers
v0x11f719600_0 .net "rst", 0 0, L_0x11f725090;  alias, 1 drivers
L_0x11f726880 .arith/sum 16, L_0x11f7261e0, L_0x11f726450;
S_0x11f719750 .scope module, "mult_" "seq_mult" 7 57, 9 1 0, S_0x11f717bf0;
 .timescale 0 0;
    .port_info 0 /OUTPUT 16 "o_data";
    .port_info 1 /OUTPUT 1 "o_valid";
    .port_info 2 /INPUT 16 "i_data_a";
    .port_info 3 /INPUT 16 "i_data_b";
    .port_info 4 /INPUT 1 "i_valid";
    .port_info 5 /INPUT 1 "clk";
    .port_info 6 /INPUT 1 "rst";
P_0x11f719910 .param/l "alu_width" 0 5 14, +C4<00000000000000000000000000010000>;
P_0x11f719950 .param/l "seq_dp_width" 0 5 12, +C4<00000000000000000000000000010000>;
P_0x11f719990 .param/l "seq_im_width" 0 5 5, +C4<00000000000000000000000000000100>;
P_0x11f7199d0 .param/l "seq_in_width" 0 5 1, +C4<00000000000000000000000000001000>;
P_0x11f719a10 .param/l "seq_num_regs" 0 5 4, +C4<00000000000000000000000000000100>;
P_0x11f719a50 .param/l "seq_op_add" 0 5 8, C4<01>;
P_0x11f719a90 .param/l "seq_op_mult" 0 5 9, C4<10>;
P_0x11f719ad0 .param/l "seq_op_push" 0 5 7, C4<00>;
P_0x11f719b10 .param/l "seq_op_send" 0 5 10, C4<11>;
P_0x11f719b50 .param/l "seq_op_width" 0 5 2, +C4<00000000000000000000000000000010>;
P_0x11f719b90 .param/l "seq_rf_width" 0 5 13, +C4<00000000000000000000000000010000>;
P_0x11f719bd0 .param/l "seq_rn_width" 0 5 3, +C4<00000000000000000000000000000010>;
P_0x11f719c10 .param/l "uart_num_nib" 0 5 15, +C4<00000000000000000000000000000100>;
L_0x11f7269c0 .functor BUFZ 1, L_0x11f7266a0, C4<0>, C4<0>, C4<0>;
v0x11f71a220_0 .net "clk", 0 0, v0x11f724c90_0;  alias, 1 drivers
v0x11f71a2d0_0 .net "i_data_a", 15 0, L_0x11f7261e0;  alias, 1 drivers
v0x11f71a360_0 .net "i_data_b", 15 0, L_0x11f726450;  alias, 1 drivers
v0x11f71a3f0_0 .net "i_valid", 0 0, L_0x11f7266a0;  alias, 1 drivers
v0x11f71a480_0 .net "o_data", 15 0, L_0x11f726a30;  alias, 1 drivers
v0x11f71a550_0 .net "o_valid", 0 0, L_0x11f7269c0;  alias, 1 drivers
v0x11f71a5e0_0 .net "rst", 0 0, L_0x11f725090;  alias, 1 drivers
L_0x11f726a30 .arith/mult 16, L_0x11f7261e0, L_0x11f726450;
S_0x11f71b120 .scope module, "rf_" "seq_rf" 6 68, 10 1 0, S_0x11f717130;
 .timescale 0 0;
    .port_info 0 /OUTPUT 16 "o_data_a";
    .port_info 1 /OUTPUT 16 "o_data_b";
    .port_info 2 /INPUT 2 "i_sel_a";
    .port_info 3 /INPUT 2 "i_sel_b";
    .port_info 4 /INPUT 1 "i_wstb";
    .port_info 5 /INPUT 16 "i_wdata";
    .port_info 6 /INPUT 2 "i_wsel";
    .port_info 7 /INPUT 1 "clk";
    .port_info 8 /INPUT 1 "rst";
P_0x11f71b290 .param/l "alu_width" 0 5 14, +C4<00000000000000000000000000010000>;
P_0x11f71b2d0 .param/l "seq_dp_width" 0 5 12, +C4<00000000000000000000000000010000>;
P_0x11f71b310 .param/l "seq_im_width" 0 5 5, +C4<00000000000000000000000000000100>;
P_0x11f71b350 .param/l "seq_in_width" 0 5 1, +C4<00000000000000000000000000001000>;
P_0x11f71b390 .param/l "seq_num_regs" 0 5 4, +C4<00000000000000000000000000000100>;
P_0x11f71b3d0 .param/l "seq_op_add" 0 5 8, C4<01>;
P_0x11f71b410 .param/l "seq_op_mult" 0 5 9, C4<10>;
P_0x11f71b450 .param/l "seq_op_push" 0 5 7, C4<00>;
P_0x11f71b490 .param/l "seq_op_send" 0 5 10, C4<11>;
P_0x11f71b4d0 .param/l "seq_op_width" 0 5 2, +C4<00000000000000000000000000000010>;
P_0x11f71b510 .param/l "seq_rf_width" 0 5 13, +C4<00000000000000000000000000010000>;
P_0x11f71b550 .param/l "seq_rn_width" 0 5 3, +C4<00000000000000000000000000000010>;
P_0x11f71b590 .param/l "uart_num_nib" 0 5 15, +C4<00000000000000000000000000000100>;
L_0x11f7261e0 .functor BUFZ 16, L_0x11f725fe0, C4<0000000000000000>, C4<0000000000000000>, C4<0000000000000000>;
L_0x11f726450 .functor BUFZ 16, L_0x11f726290, C4<0000000000000000>, C4<0000000000000000>, C4<0000000000000000>;
v0x11f71bc60_0 .net *"_ivl_0", 15 0, L_0x11f725fe0;  1 drivers
v0x11f71bd20_0 .net *"_ivl_10", 3 0, L_0x11f726330;  1 drivers
L_0x110050208 .functor BUFT 1, C4<00>, C4<0>, C4<0>, C4<0>;
v0x11f71bdc0_0 .net *"_ivl_13", 1 0, L_0x110050208;  1 drivers
v0x11f71be50_0 .net *"_ivl_2", 3 0, L_0x11f726080;  1 drivers
L_0x1100501c0 .functor BUFT 1, C4<00>, C4<0>, C4<0>, C4<0>;
v0x11f71bee0_0 .net *"_ivl_5", 1 0, L_0x1100501c0;  1 drivers
v0x11f71bfb0_0 .net *"_ivl_8", 15 0, L_0x11f726290;  1 drivers
v0x11f71c060_0 .net "clk", 0 0, v0x11f724c90_0;  alias, 1 drivers
v0x11f71c0f0_0 .var/i "i", 31 0;
v0x11f71c1a0_0 .net "i_sel_a", 1 0, L_0x11f725860;  alias, 1 drivers
v0x11f71c2b0_0 .net "i_sel_b", 1 0, L_0x11f7257c0;  alias, 1 drivers
v0x11f71c360_0 .net "i_wdata", 15 0, v0x11f71aea0_0;  alias, 1 drivers
v0x11f71c420_0 .net "i_wsel", 1 0, L_0x11f725dd0;  alias, 1 drivers
v0x11f71c4b0_0 .net "i_wstb", 0 0, L_0x11f725ef0;  alias, 1 drivers
v0x11f71c540_0 .net "o_data_a", 15 0, L_0x11f7261e0;  alias, 1 drivers
v0x11f71c5d0_0 .net "o_data_b", 15 0, L_0x11f726450;  alias, 1 drivers
v0x11f71c660 .array "rf", 3 0, 15 0;
v0x11f71c700_0 .net "rst", 0 0, L_0x11f725090;  alias, 1 drivers
E_0x11f71bc20 .event posedge, v0x11f719250_0;
L_0x11f725fe0 .array/port v0x11f71c660, L_0x11f726080;
L_0x11f726080 .concat [ 2 2 0 0], L_0x11f725860, L_0x1100501c0;
L_0x11f726290 .array/port v0x11f71c660, L_0x11f726330;
L_0x11f726330 .concat [ 2 2 0 0], L_0x11f7257c0, L_0x110050208;
S_0x11f71dfa0 .scope module, "uart_top_" "uart_top" 4 130, 11 1 0, S_0x11f7165c0;
 .timescale -9 -12;
    .port_info 0 /OUTPUT 1 "o_tx";
    .port_info 1 /OUTPUT 1 "o_tx_busy";
    .port_info 2 /OUTPUT 8 "o_rx_data";
    .port_info 3 /OUTPUT 1 "o_rx_valid";
    .port_info 4 /INPUT 1 "i_rx";
    .port_info 5 /INPUT 16 "i_tx_data";
    .port_info 6 /INPUT 1 "i_tx_stb";
    .port_info 7 /INPUT 1 "clk";
    .port_info 8 /INPUT 1 "rst";
P_0x10f808200 .param/l "alu_width" 0 5 14, +C4<00000000000000000000000000010000>;
P_0x10f808240 .param/l "seq_dp_width" 0 5 12, +C4<00000000000000000000000000010000>;
P_0x10f808280 .param/l "seq_im_width" 0 5 5, +C4<00000000000000000000000000000100>;
P_0x10f8082c0 .param/l "seq_in_width" 0 5 1, +C4<00000000000000000000000000001000>;
P_0x10f808300 .param/l "seq_num_regs" 0 5 4, +C4<00000000000000000000000000000100>;
P_0x10f808340 .param/l "seq_op_add" 0 5 8, C4<01>;
P_0x10f808380 .param/l "seq_op_mult" 0 5 9, C4<10>;
P_0x10f8083c0 .param/l "seq_op_push" 0 5 7, C4<00>;
P_0x10f808400 .param/l "seq_op_send" 0 5 10, C4<11>;
P_0x10f808440 .param/l "seq_op_width" 0 5 2, +C4<00000000000000000000000000000010>;
P_0x10f808480 .param/l "seq_rf_width" 0 5 13, +C4<00000000000000000000000000010000>;
P_0x10f8084c0 .param/l "seq_rn_width" 0 5 3, +C4<00000000000000000000000000000010>;
P_0x10f808500 .param/l "stCR" 0 11 26, +C4<000000000000000000000000000000110>;
P_0x10f808540 .param/l "stIdle" 0 11 23, +C4<00000000000000000000000000000000>;
P_0x10f808580 .param/l "stNL" 0 11 25, +C4<000000000000000000000000000000101>;
P_0x10f8085c0 .param/l "stNib1" 0 11 24, +C4<00000000000000000000000000000001>;
P_0x10f808600 .param/l "uart_num_nib" 0 5 15, +C4<00000000000000000000000000000100>;
L_0x11f7270d0 .functor NOT 1, v0x11f71f360_0, C4<0>, C4<0>, C4<0>;
L_0x11f727180 .functor NOT 1, L_0x11f728560, C4<0>, C4<0>, C4<0>;
L_0x11f727230 .functor AND 1, L_0x11f7270d0, L_0x11f727180, C4<1>, C4<1>;
L_0x11f727320 .functor NOT 1, v0x11f723280_0, C4<0>, C4<0>, C4<0>;
L_0x11f7273d0 .functor AND 1, L_0x11f727230, L_0x11f727320, C4<1>, C4<1>;
L_0x11f727530 .functor NOT 1, v0x11f71f400_0, C4<0>, C4<0>, C4<0>;
L_0x11f727820 .functor AND 1, L_0x11f727530, L_0x11f727700, C4<1>, C4<1>;
v0x11f721fb0_0 .net *"_ivl_0", 31 0, L_0x11f726e50;  1 drivers
v0x11f722070_0 .net *"_ivl_10", 0 0, L_0x11f727180;  1 drivers
v0x11f722110_0 .net *"_ivl_12", 0 0, L_0x11f727230;  1 drivers
v0x11f7221a0_0 .net *"_ivl_14", 0 0, L_0x11f727320;  1 drivers
v0x11f722230_0 .net *"_ivl_18", 0 0, L_0x11f727530;  1 drivers
v0x11f722320_0 .net *"_ivl_20", 31 0, L_0x11f7275e0;  1 drivers
L_0x1100502e0 .functor BUFT 1, C4<00000000000000000000000000000>, C4<0>, C4<0>, C4<0>;
v0x11f7223d0_0 .net *"_ivl_23", 28 0, L_0x1100502e0;  1 drivers
L_0x110050328 .functor BUFT 1, C4<00000000000000000000000000000000>, C4<0>, C4<0>, C4<0>;
v0x11f722480_0 .net/2u *"_ivl_24", 31 0, L_0x110050328;  1 drivers
v0x11f722530_0 .net *"_ivl_26", 0 0, L_0x11f727700;  1 drivers
L_0x110050250 .functor BUFT 1, C4<00000000000000000000000000000>, C4<0>, C4<0>, C4<0>;
v0x11f722640_0 .net *"_ivl_3", 28 0, L_0x110050250;  1 drivers
L_0x110050298 .functor BUFT 1, C4<00000000000000000000000000000000>, C4<0>, C4<0>, C4<0>;
v0x11f7226e0_0 .net/2u *"_ivl_4", 31 0, L_0x110050298;  1 drivers
v0x11f722790_0 .net *"_ivl_8", 0 0, L_0x11f7270d0;  1 drivers
v0x11f722840_0 .net "clk", 0 0, v0x11f724c90_0;  alias, 1 drivers
v0x11f7228d0_0 .net "i_rx", 0 0, v0x11f714fc0_0;  alias, 1 drivers
v0x11f722960_0 .net "i_tx_data", 15 0, L_0x11f726b10;  alias, 1 drivers
v0x11f722a00_0 .net "i_tx_stb", 0 0, L_0x11f726d60;  alias, 1 drivers
v0x11f722ab0_0 .net "o_rx_data", 7 0, L_0x11f7282e0;  alias, 1 drivers
v0x11f722c60_0 .net "o_rx_valid", 0 0, L_0x11f727cb0;  alias, 1 drivers
v0x11f722cf0_0 .net "o_tx", 0 0, L_0x11f728350;  alias, 1 drivers
v0x11f722d80_0 .net "o_tx_busy", 0 0, L_0x11f726fb0;  alias, 1 drivers
v0x11f722e10_0 .net "rst", 0 0, L_0x11f725090;  alias, 1 drivers
v0x11f722ea0_0 .var "state", 2 0;
v0x11f722f30_0 .net "tfifo_empty", 0 0, v0x11f71f360_0;  1 drivers
v0x11f722fc0_0 .net "tfifo_full", 0 0, v0x11f71f400_0;  1 drivers
v0x11f723070_0 .var "tfifo_in", 7 0;
v0x11f723120_0 .net "tfifo_out", 7 0, v0x11f71f550_0;  1 drivers
v0x11f7231f0_0 .net "tfifo_rd", 0 0, L_0x11f7273d0;  1 drivers
v0x11f723280_0 .var "tfifo_rd_z", 0 0;
v0x11f723330_0 .net "tfifo_wr", 0 0, L_0x11f727820;  1 drivers
v0x11f7233e0_0 .net "tx_active", 0 0, L_0x11f728560;  1 drivers
v0x11f723490_0 .var "tx_data", 15 0;
E_0x11f71e7d0 .event anyedge, v0x11f722ea0_0, v0x11f723490_0;
L_0x11f726e50 .concat [ 3 29 0 0], v0x11f722ea0_0, L_0x110050250;
L_0x11f726fb0 .cmp/ne 32, L_0x11f726e50, L_0x110050298;
L_0x11f7275e0 .concat [ 3 29 0 0], v0x11f722ea0_0, L_0x1100502e0;
L_0x11f727700 .cmp/ne 32, L_0x11f7275e0, L_0x110050328;
S_0x11f71e970 .scope function.vec4.s8, "fnNib2ASCII" "fnNib2ASCII" 11 65, 11 65 0, S_0x11f71dfa0;
 .timescale -9 -12;
v0x11f71eb40_0 .var "din", 3 0;
; Variable fnNib2ASCII is vec4 return value of scope S_0x11f71e970
TD_tb.uut_.uart_top_.fnNib2ASCII ;
    %load/vec4 v0x11f71eb40_0;
    %dup/vec4;
    %pushi/vec4 0, 0, 4;
    %cmp/u;
    %jmp/1 T_7.2, 6;
    %dup/vec4;
    %pushi/vec4 1, 0, 4;
    %cmp/u;
    %jmp/1 T_7.3, 6;
    %dup/vec4;
    %pushi/vec4 2, 0, 4;
    %cmp/u;
    %jmp/1 T_7.4, 6;
    %dup/vec4;
    %pushi/vec4 3, 0, 4;
    %cmp/u;
    %jmp/1 T_7.5, 6;
    %dup/vec4;
    %pushi/vec4 4, 0, 4;
    %cmp/u;
    %jmp/1 T_7.6, 6;
    %dup/vec4;
    %pushi/vec4 5, 0, 4;
    %cmp/u;
    %jmp/1 T_7.7, 6;
    %dup/vec4;
    %pushi/vec4 6, 0, 4;
    %cmp/u;
    %jmp/1 T_7.8, 6;
    %dup/vec4;
    %pushi/vec4 7, 0, 4;
    %cmp/u;
    %jmp/1 T_7.9, 6;
    %dup/vec4;
    %pushi/vec4 8, 0, 4;
    %cmp/u;
    %jmp/1 T_7.10, 6;
    %dup/vec4;
    %pushi/vec4 9, 0, 4;
    %cmp/u;
    %jmp/1 T_7.11, 6;
    %dup/vec4;
    %pushi/vec4 10, 0, 4;
    %cmp/u;
    %jmp/1 T_7.12, 6;
    %dup/vec4;
    %pushi/vec4 11, 0, 4;
    %cmp/u;
    %jmp/1 T_7.13, 6;
    %dup/vec4;
    %pushi/vec4 12, 0, 4;
    %cmp/u;
    %jmp/1 T_7.14, 6;
    %dup/vec4;
    %pushi/vec4 13, 0, 4;
    %cmp/u;
    %jmp/1 T_7.15, 6;
    %dup/vec4;
    %pushi/vec4 14, 0, 4;
    %cmp/u;
    %jmp/1 T_7.16, 6;
    %dup/vec4;
    %pushi/vec4 15, 0, 4;
    %cmp/u;
    %jmp/1 T_7.17, 6;
    %jmp T_7.18;
T_7.2 ;
    %pushi/vec4 48, 0, 8; draw_string_vec4
    %ret/vec4 0, 0, 8;  Assign to fnNib2ASCII (store_vec4_to_lval)
    %jmp T_7.18;
T_7.3 ;
    %pushi/vec4 49, 0, 8; draw_string_vec4
    %ret/vec4 0, 0, 8;  Assign to fnNib2ASCII (store_vec4_to_lval)
    %jmp T_7.18;
T_7.4 ;
    %pushi/vec4 50, 0, 8; draw_string_vec4
    %ret/vec4 0, 0, 8;  Assign to fnNib2ASCII (store_vec4_to_lval)
    %jmp T_7.18;
T_7.5 ;
    %pushi/vec4 51, 0, 8; draw_string_vec4
    %ret/vec4 0, 0, 8;  Assign to fnNib2ASCII (store_vec4_to_lval)
    %jmp T_7.18;
T_7.6 ;
    %pushi/vec4 52, 0, 8; draw_string_vec4
    %ret/vec4 0, 0, 8;  Assign to fnNib2ASCII (store_vec4_to_lval)
    %jmp T_7.18;
T_7.7 ;
    %pushi/vec4 53, 0, 8; draw_string_vec4
    %ret/vec4 0, 0, 8;  Assign to fnNib2ASCII (store_vec4_to_lval)
    %jmp T_7.18;
T_7.8 ;
    %pushi/vec4 54, 0, 8; draw_string_vec4
    %ret/vec4 0, 0, 8;  Assign to fnNib2ASCII (store_vec4_to_lval)
    %jmp T_7.18;
T_7.9 ;
    %pushi/vec4 55, 0, 8; draw_string_vec4
    %ret/vec4 0, 0, 8;  Assign to fnNib2ASCII (store_vec4_to_lval)
    %jmp T_7.18;
T_7.10 ;
    %pushi/vec4 56, 0, 8; draw_string_vec4
    %ret/vec4 0, 0, 8;  Assign to fnNib2ASCII (store_vec4_to_lval)
    %jmp T_7.18;
T_7.11 ;
    %pushi/vec4 57, 0, 8; draw_string_vec4
    %ret/vec4 0, 0, 8;  Assign to fnNib2ASCII (store_vec4_to_lval)
    %jmp T_7.18;
T_7.12 ;
    %pushi/vec4 65, 0, 8; draw_string_vec4
    %ret/vec4 0, 0, 8;  Assign to fnNib2ASCII (store_vec4_to_lval)
    %jmp T_7.18;
T_7.13 ;
    %pushi/vec4 66, 0, 8; draw_string_vec4
    %ret/vec4 0, 0, 8;  Assign to fnNib2ASCII (store_vec4_to_lval)
    %jmp T_7.18;
T_7.14 ;
    %pushi/vec4 67, 0, 8; draw_string_vec4
    %ret/vec4 0, 0, 8;  Assign to fnNib2ASCII (store_vec4_to_lval)
    %jmp T_7.18;
T_7.15 ;
    %pushi/vec4 68, 0, 8; draw_string_vec4
    %ret/vec4 0, 0, 8;  Assign to fnNib2ASCII (store_vec4_to_lval)
    %jmp T_7.18;
T_7.16 ;
    %pushi/vec4 69, 0, 8; draw_string_vec4
    %ret/vec4 0, 0, 8;  Assign to fnNib2ASCII (store_vec4_to_lval)
    %jmp T_7.18;
T_7.17 ;
    %pushi/vec4 70, 0, 8; draw_string_vec4
    %ret/vec4 0, 0, 8;  Assign to fnNib2ASCII (store_vec4_to_lval)
    %jmp T_7.18;
T_7.18 ;
    %pop/vec4 1;
    %end;
S_0x11f71eca0 .scope module, "tfifo_" "uart_fifo" 11 100, 12 1 0, S_0x11f71dfa0;
 .timescale -9 -12;
    .port_info 0 /OUTPUT 10 "fifo_cnt";
    .port_info 1 /OUTPUT 8 "fifo_out";
    .port_info 2 /OUTPUT 1 "fifo_full";
    .port_info 3 /OUTPUT 1 "fifo_empty";
    .port_info 4 /INPUT 8 "fifo_in";
    .port_info 5 /INPUT 1 "fifo_rd";
    .port_info 6 /INPUT 1 "fifo_wr";
    .port_info 7 /INPUT 1 "clk";
    .port_info 8 /INPUT 1 "rst";
P_0x11f71ee10 .param/l "size" 0 12 8, +C4<00000000000000000000010000000000>;
P_0x11f71ee50 .param/l "sizew" 0 12 9, +C4<00000000000000000000000000001010>;
L_0x11f727990 .functor NOT 1, v0x11f71f400_0, C4<0>, C4<0>, C4<0>;
L_0x11f727a00 .functor AND 1, L_0x11f727820, L_0x11f727990, C4<1>, C4<1>;
L_0x11f727ab0 .functor NOT 1, v0x11f71f360_0, C4<0>, C4<0>, C4<0>;
L_0x11f727b20 .functor AND 1, L_0x11f7273d0, L_0x11f727ab0, C4<1>, C4<1>;
v0x11f71f100_0 .net *"_ivl_0", 0 0, L_0x11f727990;  1 drivers
v0x11f71f1a0_0 .net *"_ivl_4", 0 0, L_0x11f727ab0;  1 drivers
v0x11f71f240_0 .net "clk", 0 0, v0x11f724c90_0;  alias, 1 drivers
v0x11f71f2d0_0 .var "fifo_cnt", 9 0;
v0x11f71f360_0 .var "fifo_empty", 0 0;
v0x11f71f400_0 .var "fifo_full", 0 0;
v0x11f71f4a0_0 .net "fifo_in", 7 0, v0x11f723070_0;  1 drivers
v0x11f71f550_0 .var "fifo_out", 7 0;
v0x11f71f600_0 .net "fifo_rd", 0 0, L_0x11f7273d0;  alias, 1 drivers
v0x11f71f710_0 .net "fifo_wr", 0 0, L_0x11f727820;  alias, 1 drivers
v0x11f71f7a0 .array "mem", 1023 0, 7 0;
v0x11f71f900_0 .net "rd", 0 0, L_0x11f727b20;  1 drivers
v0x11f71f990_0 .var "rp", 9 0;
v0x11f71fa20_0 .net "rst", 0 0, L_0x11f725090;  alias, 1 drivers
v0x11f71fab0_0 .var "wp", 9 0;
v0x11f71fb50_0 .net "wr", 0 0, L_0x11f727a00;  1 drivers
S_0x11f71fcd0 .scope module, "uart_" "uart" 11 120, 13 24 0, S_0x11f71dfa0;
 .timescale -9 -12;
    .port_info 0 /INPUT 1 "clk";
    .port_info 1 /INPUT 1 "rst";
    .port_info 2 /INPUT 1 "rx";
    .port_info 3 /OUTPUT 1 "tx";
    .port_info 4 /INPUT 1 "transmit";
    .port_info 5 /INPUT 8 "tx_byte";
    .port_info 6 /OUTPUT 1 "received";
    .port_info 7 /OUTPUT 8 "rx_byte";
    .port_info 8 /OUTPUT 1 "is_receiving";
    .port_info 9 /OUTPUT 1 "is_transmitting";
    .port_info 10 /OUTPUT 1 "recv_error";
P_0x11f71fe40 .param/l "CLOCK_DIVIDE" 0 13 39, +C4<00000000000000000000000000011001>;
P_0x11f71fe80 .param/l "RX_CHECK_START" 0 13 44, +C4<00000000000000000000000000000001>;
P_0x11f71fec0 .param/l "RX_CHECK_STOP" 0 13 46, +C4<00000000000000000000000000000011>;
P_0x11f71ff00 .param/l "RX_DELAY_RESTART" 0 13 47, +C4<00000000000000000000000000000100>;
P_0x11f71ff40 .param/l "RX_ERROR" 0 13 48, +C4<00000000000000000000000000000101>;
P_0x11f71ff80 .param/l "RX_IDLE" 0 13 43, +C4<00000000000000000000000000000000>;
P_0x11f71ffc0 .param/l "RX_READ_BITS" 0 13 45, +C4<00000000000000000000000000000010>;
P_0x11f720000 .param/l "RX_RECEIVED" 0 13 49, +C4<00000000000000000000000000000110>;
P_0x11f720040 .param/l "TX_DELAY_RESTART" 0 13 55, +C4<00000000000000000000000000000010>;
P_0x11f720080 .param/l "TX_IDLE" 0 13 53, +C4<00000000000000000000000000000000>;
P_0x11f7200c0 .param/l "TX_SENDING" 0 13 54, +C4<00000000000000000000000000000001>;
L_0x11f7282e0 .functor BUFZ 8, v0x11f721710_0, C4<00000000>, C4<00000000>, C4<00000000>;
L_0x11f728350 .functor BUFZ 1, v0x11f721c50_0, C4<0>, C4<0>, C4<0>;
v0x11f720690_0 .net *"_ivl_0", 31 0, L_0x11f727bd0;  1 drivers
L_0x110050400 .functor BUFT 1, C4<00000000000000000000000000000>, C4<0>, C4<0>, C4<0>;
v0x11f720740_0 .net *"_ivl_11", 28 0, L_0x110050400;  1 drivers
L_0x110050448 .functor BUFT 1, C4<00000000000000000000000000000101>, C4<0>, C4<0>, C4<0>;
v0x11f7207e0_0 .net/2u *"_ivl_12", 31 0, L_0x110050448;  1 drivers
v0x11f720870_0 .net *"_ivl_16", 31 0, L_0x11f728010;  1 drivers
L_0x110050490 .functor BUFT 1, C4<00000000000000000000000000000>, C4<0>, C4<0>, C4<0>;
v0x11f720900_0 .net *"_ivl_19", 28 0, L_0x110050490;  1 drivers
L_0x1100504d8 .functor BUFT 1, C4<00000000000000000000000000000000>, C4<0>, C4<0>, C4<0>;
v0x11f7209d0_0 .net/2u *"_ivl_20", 31 0, L_0x1100504d8;  1 drivers
v0x11f720a80_0 .net *"_ivl_28", 31 0, L_0x11f7283c0;  1 drivers
L_0x110050370 .functor BUFT 1, C4<00000000000000000000000000000>, C4<0>, C4<0>, C4<0>;
v0x11f720b30_0 .net *"_ivl_3", 28 0, L_0x110050370;  1 drivers
L_0x110050520 .functor BUFT 1, C4<000000000000000000000000000000>, C4<0>, C4<0>, C4<0>;
v0x11f720be0_0 .net *"_ivl_31", 29 0, L_0x110050520;  1 drivers
L_0x110050568 .functor BUFT 1, C4<00000000000000000000000000000000>, C4<0>, C4<0>, C4<0>;
v0x11f720cf0_0 .net/2u *"_ivl_32", 31 0, L_0x110050568;  1 drivers
L_0x1100503b8 .functor BUFT 1, C4<00000000000000000000000000000110>, C4<0>, C4<0>, C4<0>;
v0x11f720da0_0 .net/2u *"_ivl_4", 31 0, L_0x1100503b8;  1 drivers
v0x11f720e50_0 .net *"_ivl_8", 31 0, L_0x11f727dd0;  1 drivers
v0x11f720f00_0 .net "clk", 0 0, v0x11f724c90_0;  alias, 1 drivers
v0x11f720f90_0 .net "is_receiving", 0 0, L_0x11f728240;  1 drivers
v0x11f721030_0 .net "is_transmitting", 0 0, L_0x11f728560;  alias, 1 drivers
v0x11f7210d0_0 .net "received", 0 0, L_0x11f727cb0;  alias, 1 drivers
v0x11f721170_0 .net "recv_error", 0 0, L_0x11f727ef0;  1 drivers
v0x11f721300_0 .var "recv_state", 2 0;
v0x11f721390_0 .net "rst", 0 0, L_0x11f725090;  alias, 1 drivers
v0x11f721420_0 .net "rx", 0 0, v0x11f714fc0_0;  alias, 1 drivers
v0x11f7214d0_0 .var "rx_bits_remaining", 3 0;
v0x11f721560_0 .net "rx_byte", 7 0, L_0x11f7282e0;  alias, 1 drivers
v0x11f7215f0_0 .var "rx_clk_divider", 10 0;
v0x11f721680_0 .var "rx_countdown", 5 0;
v0x11f721710_0 .var "rx_data", 7 0;
v0x11f7217a0_0 .net "transmit", 0 0, v0x11f723280_0;  1 drivers
v0x11f721840_0 .net "tx", 0 0, L_0x11f728350;  alias, 1 drivers
v0x11f7218f0_0 .var "tx_bits_remaining", 3 0;
v0x11f721990_0 .net "tx_byte", 7 0, v0x11f71f550_0;  alias, 1 drivers
v0x11f721a50_0 .var "tx_clk_divider", 10 0;
v0x11f721af0_0 .var "tx_countdown", 5 0;
v0x11f721ba0_0 .var "tx_data", 7 0;
v0x11f721c50_0 .var "tx_out", 0 0;
v0x11f721210_0 .var "tx_state", 1 0;
L_0x11f727bd0 .concat [ 3 29 0 0], v0x11f721300_0, L_0x110050370;
L_0x11f727cb0 .cmp/eq 32, L_0x11f727bd0, L_0x1100503b8;
L_0x11f727dd0 .concat [ 3 29 0 0], v0x11f721300_0, L_0x110050400;
L_0x11f727ef0 .cmp/eq 32, L_0x11f727dd0, L_0x110050448;
L_0x11f728010 .concat [ 3 29 0 0], v0x11f721300_0, L_0x110050490;
L_0x11f728240 .cmp/ne 32, L_0x11f728010, L_0x1100504d8;
L_0x11f7283c0 .concat [ 2 30 0 0], v0x11f721210_0, L_0x110050520;
L_0x11f728560 .cmp/ne 32, L_0x11f7283c0, L_0x110050568;
    .scope S_0x11f704350;
T_8 ;
    %pushi/vec4 1, 0, 1;
    %store/vec4 v0x11f714fc0_0, 0, 1;
    %pushi/vec4 0, 0, 32;
    %store/vec4 v0x11f715110_0, 0, 32;
    %end;
    .thread T_8;
    .scope S_0x11f704350;
T_9 ;
    %wait E_0x11f704790;
    %pushi/vec4 0, 0, 8;
    %store/vec4 v0x11f7151c0_0, 0, 8;
    %delay 500000, 0;
    %pushi/vec4 8, 0, 32;
T_9.0 %dup/vec4;
    %pushi/vec4 0, 0, 32;
    %cmp/s;
    %jmp/1xz T_9.1, 5;
    %jmp/1 T_9.1, 4;
    %pushi/vec4 1, 0, 32;
    %sub;
    %delay 1000000, 0;
    %event E_0x11f704660;
    %load/vec4 v0x11f714f10_0;
    %load/vec4 v0x11f7151c0_0;
    %parti/s 7, 1, 2;
    %concat/vec4; draw_concat_vec4
    %store/vec4 v0x11f7151c0_0, 0, 8;
    %jmp T_9.0;
T_9.1 ;
    %pop/vec4 1;
    %event E_0x11f704620;
    %load/vec4 v0x11f7151c0_0;
    %cmpi/e 10, 0, 8;
    %jmp/0xz  T_9.2, 4;
    %vpi_call 3 44 "$display", "%d %s Received Word %s%s%s%s", $stime, P_0x11f7045a0, &A<v0x11f715060, 0>, &A<v0x11f715060, 1>, &A<v0x11f715060, 2>, &A<v0x11f715060, 3> {0 0 0};
    %pushi/vec4 0, 0, 32;
    %store/vec4 v0x11f715110_0, 0, 32;
    %jmp T_9.3;
T_9.2 ;
    %load/vec4 v0x11f7151c0_0;
    %cmpi/e 114, 0, 8;
    %jmp/0xz  T_9.4, 4;
    %jmp T_9.5;
T_9.4 ;
    %load/vec4 v0x11f7151c0_0;
    %ix/getv/s 4, v0x11f715110_0;
    %store/vec4a v0x11f715060, 4, 0;
    %load/vec4 v0x11f715110_0;
    %addi 1, 0, 32;
    %store/vec4 v0x11f715110_0, 0, 32;
T_9.5 ;
T_9.3 ;
    %jmp T_9;
    .thread T_9;
    .scope S_0x11f71b120;
T_10 ;
    %wait E_0x11f71bc20;
    %load/vec4 v0x11f71c700_0;
    %flag_set/vec4 8;
    %jmp/0xz  T_10.0, 8;
    %pushi/vec4 0, 0, 32;
    %store/vec4 v0x11f71c0f0_0, 0, 32;
T_10.2 ;
    %load/vec4 v0x11f71c0f0_0;
    %cmpi/s 4, 0, 32;
    %jmp/0xz T_10.3, 5;
    %pushi/vec4 0, 0, 16;
    %ix/getv/s 3, v0x11f71c0f0_0;
    %ix/load 4, 0, 0; Constant delay
    %assign/vec4/a/d v0x11f71c660, 0, 4;
    %load/vec4 v0x11f71c0f0_0;
    %addi 1, 0, 32;
    %store/vec4 v0x11f71c0f0_0, 0, 32;
    %jmp T_10.2;
T_10.3 ;
    %jmp T_10.1;
T_10.0 ;
    %load/vec4 v0x11f71c4b0_0;
    %flag_set/vec4 8;
    %jmp/0xz  T_10.4, 8;
    %load/vec4 v0x11f71c360_0;
    %load/vec4 v0x11f71c420_0;
    %pad/u 4;
    %ix/vec4 3;
    %ix/load 4, 0, 0; Constant delay
    %assign/vec4/a/d v0x11f71c660, 0, 4;
T_10.4 ;
T_10.1 ;
    %jmp T_10;
    .thread T_10;
    .scope S_0x11f717bf0;
T_11 ;
    %wait E_0x11f718730;
    %load/vec4 v0x11f71aba0_0;
    %dup/vec4;
    %pushi/vec4 0, 0, 2;
    %cmp/u;
    %jmp/1 T_11.0, 6;
    %dup/vec4;
    %pushi/vec4 1, 0, 2;
    %cmp/u;
    %jmp/1 T_11.1, 6;
    %dup/vec4;
    %pushi/vec4 2, 0, 2;
    %cmp/u;
    %jmp/1 T_11.2, 6;
    %load/vec4 v0x11f71a9c0_0;
    %store/vec4 v0x11f71aea0_0, 0, 16;
    %jmp T_11.4;
T_11.0 ;
    %load/vec4 v0x11f71a9c0_0;
    %load/vec4 v0x11f71a930_0;
    %concat/vec4; draw_concat_vec4
    %pad/u 16;
    %store/vec4 v0x11f71aea0_0, 0, 16;
    %jmp T_11.4;
T_11.1 ;
    %load/vec4 v0x11f71a700_0;
    %store/vec4 v0x11f71aea0_0, 0, 16;
    %jmp T_11.4;
T_11.2 ;
    %load/vec4 v0x11f71ad00_0;
    %store/vec4 v0x11f71aea0_0, 0, 16;
    %jmp T_11.4;
T_11.4 ;
    %pop/vec4 1;
    %jmp T_11;
    .thread T_11, $push;
    .scope S_0x11f717bf0;
T_12 ;
    %wait E_0x11f7186d0;
    %load/vec4 v0x11f71aba0_0;
    %dup/vec4;
    %pushi/vec4 0, 0, 2;
    %cmp/u;
    %jmp/1 T_12.0, 6;
    %dup/vec4;
    %pushi/vec4 1, 0, 2;
    %cmp/u;
    %jmp/1 T_12.1, 6;
    %dup/vec4;
    %pushi/vec4 2, 0, 2;
    %cmp/u;
    %jmp/1 T_12.2, 6;
    %load/vec4 v0x11f71ac30_0;
    %store/vec4 v0x11f71af30_0, 0, 1;
    %jmp T_12.4;
T_12.0 ;
    %load/vec4 v0x11f71ac30_0;
    %store/vec4 v0x11f71af30_0, 0, 1;
    %jmp T_12.4;
T_12.1 ;
    %load/vec4 v0x11f71a7d0_0;
    %store/vec4 v0x11f71af30_0, 0, 1;
    %jmp T_12.4;
T_12.2 ;
    %load/vec4 v0x11f71ae10_0;
    %store/vec4 v0x11f71af30_0, 0, 1;
    %jmp T_12.4;
T_12.4 ;
    %pop/vec4 1;
    %jmp T_12;
    .thread T_12, $push;
    .scope S_0x11f71eca0;
T_13 ;
    %wait E_0x11f71bc20;
    %load/vec4 v0x11f71fa20_0;
    %flag_set/vec4 8;
    %jmp/0xz  T_13.0, 8;
    %pushi/vec4 0, 0, 10;
    %assign/vec4 v0x11f71fab0_0, 0;
    %pushi/vec4 0, 0, 10;
    %assign/vec4 v0x11f71f990_0, 0;
    %pushi/vec4 0, 0, 10;
    %assign/vec4 v0x11f71f2d0_0, 0;
    %pushi/vec4 0, 0, 1;
    %assign/vec4 v0x11f71f400_0, 0;
    %pushi/vec4 1, 0, 1;
    %assign/vec4 v0x11f71f360_0, 0;
    %jmp T_13.1;
T_13.0 ;
    %load/vec4 v0x11f71fab0_0;
    %load/vec4 v0x11f71fb50_0;
    %pad/u 10;
    %add;
    %assign/vec4 v0x11f71fab0_0, 0;
    %load/vec4 v0x11f71f990_0;
    %load/vec4 v0x11f71f900_0;
    %pad/u 10;
    %add;
    %assign/vec4 v0x11f71f990_0, 0;
    %load/vec4 v0x11f71fb50_0;
    %load/vec4 v0x11f71f900_0;
    %concat/vec4; draw_concat_vec4
    %dup/vec4;
    %pushi/vec4 2, 0, 2;
    %cmp/u;
    %jmp/1 T_13.2, 6;
    %dup/vec4;
    %pushi/vec4 1, 0, 2;
    %cmp/u;
    %jmp/1 T_13.3, 6;
    %jmp T_13.4;
T_13.2 ;
    %load/vec4 v0x11f71f2d0_0;
    %addi 1, 0, 10;
    %assign/vec4 v0x11f71f2d0_0, 0;
    %load/vec4 v0x11f71f2d0_0;
    %pad/u 32;
    %pushi/vec4 1022, 0, 32;
    %cmp/e;
    %flag_get/vec4 4;
    %assign/vec4 v0x11f71f400_0, 0;
    %pushi/vec4 0, 0, 1;
    %assign/vec4 v0x11f71f360_0, 0;
    %jmp T_13.4;
T_13.3 ;
    %load/vec4 v0x11f71f2d0_0;
    %subi 1, 0, 10;
    %assign/vec4 v0x11f71f2d0_0, 0;
    %pushi/vec4 0, 0, 1;
    %assign/vec4 v0x11f71f400_0, 0;
    %load/vec4 v0x11f71f2d0_0;
    %pad/u 32;
    %pushi/vec4 1, 0, 32;
    %cmp/e;
    %flag_get/vec4 4;
    %assign/vec4 v0x11f71f360_0, 0;
    %jmp T_13.4;
T_13.4 ;
    %pop/vec4 1;
T_13.1 ;
    %jmp T_13;
    .thread T_13;
    .scope S_0x11f71eca0;
T_14 ;
    %wait E_0x11f71bc20;
    %load/vec4 v0x11f71f710_0;
    %load/vec4 v0x11f71f400_0;
    %inv;
    %and;
    %flag_set/vec4 8;
    %jmp/0xz  T_14.0, 8;
    %load/vec4 v0x11f71f4a0_0;
    %load/vec4 v0x11f71fab0_0;
    %pad/u 12;
    %ix/vec4 3;
    %ix/load 4, 0, 0; Constant delay
    %assign/vec4/a/d v0x11f71f7a0, 0, 4;
T_14.0 ;
    %jmp T_14;
    .thread T_14;
    .scope S_0x11f71eca0;
T_15 ;
    %wait E_0x11f71bc20;
    %load/vec4 v0x11f71f990_0;
    %pad/u 12;
    %ix/vec4 4;
    %load/vec4a v0x11f71f7a0, 4;
    %assign/vec4 v0x11f71f550_0, 0;
    %jmp T_15;
    .thread T_15;
    .scope S_0x11f71fcd0;
T_16 ;
    %pushi/vec4 25, 0, 11;
    %store/vec4 v0x11f7215f0_0, 0, 11;
    %pushi/vec4 25, 0, 11;
    %store/vec4 v0x11f721a50_0, 0, 11;
    %pushi/vec4 0, 0, 3;
    %store/vec4 v0x11f721300_0, 0, 3;
    %pushi/vec4 1, 0, 1;
    %store/vec4 v0x11f721c50_0, 0, 1;
    %pushi/vec4 0, 0, 2;
    %store/vec4 v0x11f721210_0, 0, 2;
    %end;
    .thread T_16;
    .scope S_0x11f71fcd0;
T_17 ;
    %wait E_0x11f71bc20;
    %load/vec4 v0x11f721390_0;
    %flag_set/vec4 8;
    %jmp/0xz  T_17.0, 8;
    %pushi/vec4 0, 0, 3;
    %store/vec4 v0x11f721300_0, 0, 3;
    %pushi/vec4 0, 0, 2;
    %store/vec4 v0x11f721210_0, 0, 2;
T_17.0 ;
    %load/vec4 v0x11f7215f0_0;
    %subi 1, 0, 11;
    %store/vec4 v0x11f7215f0_0, 0, 11;
    %load/vec4 v0x11f7215f0_0;
    %nor/r;
    %flag_set/vec4 8;
    %jmp/0xz  T_17.2, 8;
    %pushi/vec4 25, 0, 11;
    %store/vec4 v0x11f7215f0_0, 0, 11;
    %load/vec4 v0x11f721680_0;
    %subi 1, 0, 6;
    %store/vec4 v0x11f721680_0, 0, 6;
T_17.2 ;
    %load/vec4 v0x11f721a50_0;
    %subi 1, 0, 11;
    %store/vec4 v0x11f721a50_0, 0, 11;
    %load/vec4 v0x11f721a50_0;
    %nor/r;
    %flag_set/vec4 8;
    %jmp/0xz  T_17.4, 8;
    %pushi/vec4 25, 0, 11;
    %store/vec4 v0x11f721a50_0, 0, 11;
    %load/vec4 v0x11f721af0_0;
    %subi 1, 0, 6;
    %store/vec4 v0x11f721af0_0, 0, 6;
T_17.4 ;
    %load/vec4 v0x11f721300_0;
    %dup/vec4;
    %pushi/vec4 0, 0, 3;
    %cmp/u;
    %jmp/1 T_17.6, 6;
    %dup/vec4;
    %pushi/vec4 1, 0, 3;
    %cmp/u;
    %jmp/1 T_17.7, 6;
    %dup/vec4;
    %pushi/vec4 2, 0, 3;
    %cmp/u;
    %jmp/1 T_17.8, 6;
    %dup/vec4;
    %pushi/vec4 3, 0, 3;
    %cmp/u;
    %jmp/1 T_17.9, 6;
    %dup/vec4;
    %pushi/vec4 4, 0, 3;
    %cmp/u;
    %jmp/1 T_17.10, 6;
    %dup/vec4;
    %pushi/vec4 5, 0, 3;
    %cmp/u;
    %jmp/1 T_17.11, 6;
    %dup/vec4;
    %pushi/vec4 6, 0, 3;
    %cmp/u;
    %jmp/1 T_17.12, 6;
    %jmp T_17.13;
T_17.6 ;
    %load/vec4 v0x11f721420_0;
    %nor/r;
    %flag_set/vec4 8;
    %jmp/0xz  T_17.14, 8;
    %pushi/vec4 25, 0, 11;
    %store/vec4 v0x11f7215f0_0, 0, 11;
    %pushi/vec4 2, 0, 6;
    %store/vec4 v0x11f721680_0, 0, 6;
    %pushi/vec4 1, 0, 3;
    %store/vec4 v0x11f721300_0, 0, 3;
T_17.14 ;
    %jmp T_17.13;
T_17.7 ;
    %load/vec4 v0x11f721680_0;
    %nor/r;
    %flag_set/vec4 8;
    %jmp/0xz  T_17.16, 8;
    %load/vec4 v0x11f721420_0;
    %nor/r;
    %flag_set/vec4 8;
    %jmp/0xz  T_17.18, 8;
    %pushi/vec4 4, 0, 6;
    %store/vec4 v0x11f721680_0, 0, 6;
    %pushi/vec4 8, 0, 4;
    %store/vec4 v0x11f7214d0_0, 0, 4;
    %pushi/vec4 2, 0, 3;
    %store/vec4 v0x11f721300_0, 0, 3;
    %jmp T_17.19;
T_17.18 ;
    %pushi/vec4 5, 0, 3;
    %store/vec4 v0x11f721300_0, 0, 3;
T_17.19 ;
T_17.16 ;
    %jmp T_17.13;
T_17.8 ;
    %load/vec4 v0x11f721680_0;
    %nor/r;
    %flag_set/vec4 8;
    %jmp/0xz  T_17.20, 8;
    %load/vec4 v0x11f721420_0;
    %load/vec4 v0x11f721710_0;
    %parti/s 7, 1, 2;
    %concat/vec4; draw_concat_vec4
    %store/vec4 v0x11f721710_0, 0, 8;
    %pushi/vec4 4, 0, 6;
    %store/vec4 v0x11f721680_0, 0, 6;
    %load/vec4 v0x11f7214d0_0;
    %subi 1, 0, 4;
    %store/vec4 v0x11f7214d0_0, 0, 4;
    %load/vec4 v0x11f7214d0_0;
    %cmpi/ne 0, 0, 4;
    %flag_mov 8, 4;
    %jmp/0 T_17.22, 8;
    %pushi/vec4 2, 0, 32;
    %jmp/1 T_17.23, 8;
T_17.22 ; End of true expr.
    %pushi/vec4 3, 0, 32;
    %jmp/0 T_17.23, 8;
 ; End of false expr.
    %blend;
T_17.23;
    %pad/s 3;
    %store/vec4 v0x11f721300_0, 0, 3;
T_17.20 ;
    %jmp T_17.13;
T_17.9 ;
    %load/vec4 v0x11f721680_0;
    %nor/r;
    %flag_set/vec4 8;
    %jmp/0xz  T_17.24, 8;
    %load/vec4 v0x11f721420_0;
    %flag_set/vec4 8;
    %jmp/0 T_17.26, 8;
    %pushi/vec4 6, 0, 32;
    %jmp/1 T_17.27, 8;
T_17.26 ; End of true expr.
    %pushi/vec4 5, 0, 32;
    %jmp/0 T_17.27, 8;
 ; End of false expr.
    %blend;
T_17.27;
    %pad/s 3;
    %store/vec4 v0x11f721300_0, 0, 3;
T_17.24 ;
    %jmp T_17.13;
T_17.10 ;
    %load/vec4 v0x11f721680_0;
    %cmpi/ne 0, 0, 6;
    %flag_mov 8, 4;
    %jmp/0 T_17.28, 8;
    %pushi/vec4 4, 0, 32;
    %jmp/1 T_17.29, 8;
T_17.28 ; End of true expr.
    %pushi/vec4 0, 0, 32;
    %jmp/0 T_17.29, 8;
 ; End of false expr.
    %blend;
T_17.29;
    %pad/s 3;
    %store/vec4 v0x11f721300_0, 0, 3;
    %jmp T_17.13;
T_17.11 ;
    %pushi/vec4 8, 0, 6;
    %store/vec4 v0x11f721680_0, 0, 6;
    %pushi/vec4 4, 0, 3;
    %store/vec4 v0x11f721300_0, 0, 3;
    %jmp T_17.13;
T_17.12 ;
    %pushi/vec4 0, 0, 3;
    %store/vec4 v0x11f721300_0, 0, 3;
    %jmp T_17.13;
T_17.13 ;
    %pop/vec4 1;
    %load/vec4 v0x11f721210_0;
    %dup/vec4;
    %pushi/vec4 0, 0, 2;
    %cmp/u;
    %jmp/1 T_17.30, 6;
    %dup/vec4;
    %pushi/vec4 1, 0, 2;
    %cmp/u;
    %jmp/1 T_17.31, 6;
    %dup/vec4;
    %pushi/vec4 2, 0, 2;
    %cmp/u;
    %jmp/1 T_17.32, 6;
    %jmp T_17.33;
T_17.30 ;
    %load/vec4 v0x11f7217a0_0;
    %flag_set/vec4 8;
    %jmp/0xz  T_17.34, 8;
    %load/vec4 v0x11f721990_0;
    %store/vec4 v0x11f721ba0_0, 0, 8;
    %pushi/vec4 25, 0, 11;
    %store/vec4 v0x11f721a50_0, 0, 11;
    %pushi/vec4 4, 0, 6;
    %store/vec4 v0x11f721af0_0, 0, 6;
    %pushi/vec4 0, 0, 1;
    %store/vec4 v0x11f721c50_0, 0, 1;
    %pushi/vec4 8, 0, 4;
    %store/vec4 v0x11f7218f0_0, 0, 4;
    %pushi/vec4 1, 0, 2;
    %store/vec4 v0x11f721210_0, 0, 2;
T_17.34 ;
    %jmp T_17.33;
T_17.31 ;
    %load/vec4 v0x11f721af0_0;
    %nor/r;
    %flag_set/vec4 8;
    %jmp/0xz  T_17.36, 8;
    %load/vec4 v0x11f7218f0_0;
    %cmpi/ne 0, 0, 4;
    %jmp/0xz  T_17.38, 4;
    %load/vec4 v0x11f7218f0_0;
    %subi 1, 0, 4;
    %store/vec4 v0x11f7218f0_0, 0, 4;
    %load/vec4 v0x11f721ba0_0;
    %parti/s 1, 0, 2;
    %store/vec4 v0x11f721c50_0, 0, 1;
    %pushi/vec4 0, 0, 1;
    %load/vec4 v0x11f721ba0_0;
    %parti/s 7, 1, 2;
    %concat/vec4; draw_concat_vec4
    %store/vec4 v0x11f721ba0_0, 0, 8;
    %pushi/vec4 4, 0, 6;
    %store/vec4 v0x11f721af0_0, 0, 6;
    %pushi/vec4 1, 0, 2;
    %store/vec4 v0x11f721210_0, 0, 2;
    %jmp T_17.39;
T_17.38 ;
    %pushi/vec4 1, 0, 1;
    %store/vec4 v0x11f721c50_0, 0, 1;
    %pushi/vec4 8, 0, 6;
    %store/vec4 v0x11f721af0_0, 0, 6;
    %pushi/vec4 2, 0, 2;
    %store/vec4 v0x11f721210_0, 0, 2;
T_17.39 ;
T_17.36 ;
    %jmp T_17.33;
T_17.32 ;
    %load/vec4 v0x11f721af0_0;
    %cmpi/ne 0, 0, 6;
    %flag_mov 8, 4;
    %jmp/0 T_17.40, 8;
    %pushi/vec4 2, 0, 32;
    %jmp/1 T_17.41, 8;
T_17.40 ; End of true expr.
    %pushi/vec4 0, 0, 32;
    %jmp/0 T_17.41, 8;
 ; End of false expr.
    %blend;
T_17.41;
    %pad/s 2;
    %store/vec4 v0x11f721210_0, 0, 2;
    %jmp T_17.33;
T_17.33 ;
    %pop/vec4 1;
    %jmp T_17;
    .thread T_17;
    .scope S_0x11f71dfa0;
T_18 ;
    %wait E_0x11f71bc20;
    %load/vec4 v0x11f722e10_0;
    %flag_set/vec4 8;
    %jmp/0xz  T_18.0, 8;
    %pushi/vec4 0, 0, 3;
    %assign/vec4 v0x11f722ea0_0, 0;
    %jmp T_18.1;
T_18.0 ;
    %load/vec4 v0x11f722ea0_0;
    %dup/vec4;
    %pushi/vec4 0, 0, 3;
    %cmp/u;
    %jmp/1 T_18.2, 6;
    %dup/vec4;
    %pushi/vec4 6, 0, 3;
    %cmp/u;
    %jmp/1 T_18.3, 6;
    %load/vec4 v0x11f722fc0_0;
    %inv;
    %flag_set/vec4 8;
    %jmp/0xz  T_18.6, 8;
    %load/vec4 v0x11f722ea0_0;
    %addi 1, 0, 3;
    %assign/vec4 v0x11f722ea0_0, 0;
    %load/vec4 v0x11f723490_0;
    %concati/vec4 0, 0, 4;
    %pad/u 16;
    %assign/vec4 v0x11f723490_0, 0;
T_18.6 ;
    %jmp T_18.5;
T_18.2 ;
    %load/vec4 v0x11f722a00_0;
    %flag_set/vec4 8;
    %jmp/0xz  T_18.8, 8;
    %pushi/vec4 1, 0, 3;
    %assign/vec4 v0x11f722ea0_0, 0;
    %load/vec4 v0x11f722960_0;
    %assign/vec4 v0x11f723490_0, 0;
T_18.8 ;
    %jmp T_18.5;
T_18.3 ;
    %load/vec4 v0x11f722fc0_0;
    %inv;
    %flag_set/vec4 8;
    %jmp/0xz  T_18.10, 8;
    %pushi/vec4 0, 0, 3;
    %assign/vec4 v0x11f722ea0_0, 0;
T_18.10 ;
    %jmp T_18.5;
T_18.5 ;
    %pop/vec4 1;
T_18.1 ;
    %jmp T_18;
    .thread T_18;
    .scope S_0x11f71dfa0;
T_19 ;
    %wait E_0x11f71e7d0;
    %load/vec4 v0x11f722ea0_0;
    %dup/vec4;
    %pushi/vec4 5, 0, 3;
    %cmp/u;
    %jmp/1 T_19.0, 6;
    %dup/vec4;
    %pushi/vec4 6, 0, 3;
    %cmp/u;
    %jmp/1 T_19.1, 6;
    %load/vec4 v0x11f723490_0;
    %parti/s 4, 12, 5;
    %store/vec4 v0x11f71eb40_0, 0, 4;
    %callf/vec4 TD_tb.uut_.uart_top_.fnNib2ASCII, S_0x11f71e970;
    %store/vec4 v0x11f723070_0, 0, 8;
    %jmp T_19.3;
T_19.0 ;
    %pushi/vec4 10, 0, 8; draw_string_vec4
    %store/vec4 v0x11f723070_0, 0, 8;
    %jmp T_19.3;
T_19.1 ;
    %pushi/vec4 114, 0, 8; draw_string_vec4
    %store/vec4 v0x11f723070_0, 0, 8;
    %jmp T_19.3;
T_19.3 ;
    %pop/vec4 1;
    %jmp T_19;
    .thread T_19, $push;
    .scope S_0x11f71dfa0;
T_20 ;
    %wait E_0x11f71bc20;
    %load/vec4 v0x11f722e10_0;
    %flag_set/vec4 8;
    %jmp/0xz  T_20.0, 8;
    %pushi/vec4 0, 0, 1;
    %assign/vec4 v0x11f723280_0, 0;
    %jmp T_20.1;
T_20.0 ;
    %load/vec4 v0x11f7231f0_0;
    %assign/vec4 v0x11f723280_0, 0;
T_20.1 ;
    %jmp T_20;
    .thread T_20;
    .scope S_0x11f7165c0;
T_21 ;
    %wait E_0x11f7170f0;
    %load/vec4 v0x11f7239a0_0;
    %flag_set/vec4 8;
    %jmp/0xz  T_21.0, 8;
    %pushi/vec4 3, 0, 2;
    %assign/vec4 v0x11f7238f0_0, 0;
    %jmp T_21.1;
T_21.0 ;
    %pushi/vec4 0, 0, 1;
    %load/vec4 v0x11f7238f0_0;
    %parti/s 1, 1, 2;
    %concat/vec4; draw_concat_vec4
    %assign/vec4 v0x11f7238f0_0, 0;
T_21.1 ;
    %jmp T_21;
    .thread T_21;
    .scope S_0x11f7165c0;
T_22 ;
    %wait E_0x11f71bc20;
    %load/vec4 v0x11f724350_0;
    %flag_set/vec4 8;
    %jmp/0xz  T_22.0, 8;
    %pushi/vec4 0, 0, 17;
    %assign/vec4 v0x11f723d80_0, 0;
    %pushi/vec4 0, 0, 1;
    %assign/vec4 v0x11f723ea0_0, 0;
    %pushi/vec4 0, 0, 1;
    %assign/vec4 v0x11f723f30_0, 0;
    %jmp T_22.1;
T_22.0 ;
    %load/vec4 v0x11f723e10_0;
    %parti/s 17, 0, 2;
    %assign/vec4 v0x11f723d80_0, 0;
    %load/vec4 v0x11f723e10_0;
    %parti/s 1, 17, 6;
    %assign/vec4 v0x11f723ea0_0, 0;
    %load/vec4 v0x11f723ea0_0;
    %assign/vec4 v0x11f723f30_0, 0;
T_22.1 ;
    %jmp T_22;
    .thread T_22;
    .scope S_0x11f7165c0;
T_23 ;
    %wait E_0x11f71bc20;
    %load/vec4 v0x11f724350_0;
    %flag_set/vec4 8;
    %jmp/0xz  T_23.0, 8;
    %pushi/vec4 0, 0, 8;
    %assign/vec4 v0x11f724130_0, 0;
    %pushi/vec4 0, 0, 3;
    %assign/vec4 v0x11f724600_0, 0;
    %jmp T_23.1;
T_23.0 ;
    %load/vec4 v0x11f723ea0_0;
    %flag_set/vec4 8;
    %jmp/0xz  T_23.2, 8;
    %load/vec4 v0x11f724690_0;
    %assign/vec4 v0x11f724130_0, 0;
    %load/vec4 v0x11f723ae0_0;
    %load/vec4 v0x11f724600_0;
    %parti/s 2, 1, 2;
    %concat/vec4; draw_concat_vec4
    %assign/vec4 v0x11f724600_0, 0;
T_23.2 ;
T_23.1 ;
    %jmp T_23;
    .thread T_23;
    .scope S_0x11f7165c0;
T_24 ;
    %wait E_0x11f71bc20;
    %load/vec4 v0x11f724350_0;
    %flag_set/vec4 8;
    %jmp/0xz  T_24.0, 8;
    %pushi/vec4 0, 0, 1;
    %assign/vec4 v0x11f724080_0, 0;
    %jmp T_24.1;
T_24.0 ;
    %load/vec4 v0x11f724600_0;
    %parti/s 1, 0, 2;
    %inv;
    %load/vec4 v0x11f724600_0;
    %parti/s 1, 1, 2;
    %and;
    %load/vec4 v0x11f723f30_0;
    %and;
    %assign/vec4 v0x11f724080_0, 0;
T_24.1 ;
    %jmp T_24;
    .thread T_24;
    .scope S_0x11f7165c0;
T_25 ;
    %wait E_0x11f71bc20;
    %load/vec4 v0x11f724350_0;
    %flag_set/vec4 8;
    %jmp/0xz  T_25.0, 8;
    %pushi/vec4 0, 0, 8;
    %assign/vec4 v0x11f723fd0_0, 0;
    %jmp T_25.1;
T_25.0 ;
    %load/vec4 v0x11f724080_0;
    %flag_set/vec4 8;
    %jmp/0xz  T_25.2, 8;
    %load/vec4 v0x11f723fd0_0;
    %addi 1, 0, 8;
    %assign/vec4 v0x11f723fd0_0, 0;
T_25.2 ;
T_25.1 ;
    %jmp T_25;
    .thread T_25;
    .scope S_0x11f704170;
T_26 ;
    %vpi_call 2 22 "$readmemb", "/Users/aryagharib/Library/CloudStorage/OneDrive-UCLAITServices/School Projects/2024-25/Winter 25/CS M152A/Lab 1/m152a-lab1/Src_lab1/seq.code", v0x11f724db0 {0 0 0};
    %pushi/vec4 0, 0, 1;
    %store/vec4 v0x11f724c90_0, 0, 1;
    %pushi/vec4 1, 0, 1;
    %store/vec4 v0x11f724b70_0, 0, 1;
    %pushi/vec4 0, 0, 1;
    %store/vec4 v0x11f724c00_0, 0, 1;
    %delay 1000000, 0;
    %pushi/vec4 0, 0, 1;
    %store/vec4 v0x11f724b70_0, 0, 1;
    %delay 1500000000, 0;
    %pushi/vec4 0, 0, 32;
    %store/vec4 v0x11f724d20_0, 0, 32;
T_26.0 ;
    %load/vec4 v0x11f724d20_0;
    %cmpi/s 20, 0, 32;
    %jmp/0xz T_26.1, 5;
    %vpi_call 2 31 "$display", "Instruction %0d: %b", v0x11f724d20_0, &A<v0x11f724db0, v0x11f724d20_0 > {0 0 0};
    %ix/getv/s 4, v0x11f724d20_0;
    %load/vec4a v0x11f724db0, 4;
    %store/vec4 v0x11f715930_0, 0, 8;
    %fork TD_tb.tskRunInst, S_0x11f715750;
    %join;
    %load/vec4 v0x11f724d20_0;
    %addi 1, 0, 32;
    %store/vec4 v0x11f724d20_0, 0, 32;
    %jmp T_26.0;
T_26.1 ;
    %delay 1000000, 0;
    %vpi_call 2 46 "$finish" {0 0 0};
    %end;
    .thread T_26;
    .scope S_0x11f704170;
T_27 ;
    %delay 5000, 0;
    %load/vec4 v0x11f724c90_0;
    %inv;
    %store/vec4 v0x11f724c90_0, 0, 1;
    %jmp T_27;
    .thread T_27;
    .scope S_0x11f704170;
T_28 ;
    %wait E_0x11f71bc20;
    %load/vec4 v0x11f724080_0;
    %flag_set/vec4 8;
    %jmp/0xz  T_28.0, 8;
    %vpi_call 2 125 "$display", "%d ... instruction %08b executed", $stime, v0x11f724130_0 {0 0 0};
T_28.0 ;
    %jmp T_28;
    .thread T_28;
    .scope S_0x11f704170;
T_29 ;
    %wait E_0x11f7042f0;
    %vpi_call 2 128 "$display", "%d ... led output changed to %08b", $stime, v0x11f724e40_0 {0 0 0};
    %jmp T_29;
    .thread T_29, $push;
# The file index is used to find the file name in the following table.
:file_names 14;
    "N/A";
    "<interactive>";
    "tb/tb.v";
    "tb/model_uart.v";
    "rtl/basys3.v";
    "./seq_definitions.v";
    "rtl/seq.v";
    "rtl/seq_alu.v";
    "rtl/seq_add.v";
    "rtl/seq_mult.v";
    "rtl/seq_rf.v";
    "rtl/uart_top.v";
    "rtl/uart_fifo.v";
    "rtl/uart.v";
